<?xml version="1.0" encoding="UTF-8"?>
<testsuite xmlns:xsi="http://www.w3.org/2001/XMLSchema-instance" xsi:noNamespaceSchemaLocation="https://maven.apache.org/surefire/maven-surefire-plugin/xsd/surefire-test-report.xsd" version="3.0.2" name="io.backend.fileservice.FileserviceApplicationTests" time="0.964" tests="1" errors="0" skipped="0" failures="0">
  <properties>
    <property name="java.specification.version" value="24"/>
    <property name="sun.jnu.encoding" value="UTF-8"/>
    <property name="java.class.path" value="/Users/sarasaad/Documents/BDMA /UTN Internship/Data Loom/file-management-platform/backend/target/test-classes:/Users/sarasaad/Documents/BDMA /UTN Internship/Data Loom/file-management-platform/backend/target/classes:/Users/sarasaad/.m2/repository/org/springframework/boot/spring-boot-starter-data-jpa/3.5.3/spring-boot-starter-data-jpa-3.5.3.jar:/Users/sarasaad/.m2/repository/org/springframework/boot/spring-boot-starter/3.5.3/spring-boot-starter-3.5.3.jar:/Users/sarasaad/.m2/repository/org/springframework/boot/spring-boot/3.5.3/spring-boot-3.5.3.jar:/Users/sarasaad/.m2/repository/org/springframework/boot/spring-boot-autoconfigure/3.5.3/spring-boot-autoconfigure-3.5.3.jar:/Users/sarasaad/.m2/repository/org/springframework/boot/spring-boot-starter-logging/3.5.3/spring-boot-starter-logging-3.5.3.jar:/Users/sarasaad/.m2/repository/ch/qos/logback/logback-classic/1.5.18/logback-classic-1.5.18.jar:/Users/sarasaad/.m2/repository/ch/qos/logback/logback-core/1.5.18/logback-core-1.5.18.jar:/Users/sarasaad/.m2/repository/org/apache/logging/log4j/log4j-to-slf4j/2.24.3/log4j-to-slf4j-2.24.3.jar:/Users/sarasaad/.m2/repository/org/apache/logging/log4j/log4j-api/2.24.3/log4j-api-2.24.3.jar:/Users/sarasaad/.m2/repository/org/slf4j/jul-to-slf4j/2.0.17/jul-to-slf4j-2.0.17.jar:/Users/sarasaad/.m2/repository/jakarta/annotation/jakarta.annotation-api/2.1.1/jakarta.annotation-api-2.1.1.jar:/Users/sarasaad/.m2/repository/org/yaml/snakeyaml/2.4/snakeyaml-2.4.jar:/Users/sarasaad/.m2/repository/org/hibernate/orm/hibernate-core/6.6.18.Final/hibernate-core-6.6.18.Final.jar:/Users/sarasaad/.m2/repository/jakarta/persistence/jakarta.persistence-api/3.1.0/jakarta.persistence-api-3.1.0.jar:/Users/sarasaad/.m2/repository/jakarta/transaction/jakarta.transaction-api/2.0.1/jakarta.transaction-api-2.0.1.jar:/Users/sarasaad/.m2/repository/org/jboss/logging/jboss-logging/3.6.1.Final/jboss-logging-3.6.1.Final.jar:/Users/sarasaad/.m2/repository/org/hibernate/common/hibernate-commons-annotations/7.0.3.Final/hibernate-commons-annotations-7.0.3.Final.jar:/Users/sarasaad/.m2/repository/io/smallrye/jandex/3.2.0/jandex-3.2.0.jar:/Users/sarasaad/.m2/repository/com/fasterxml/classmate/1.7.0/classmate-1.7.0.jar:/Users/sarasaad/.m2/repository/net/bytebuddy/byte-buddy/1.17.6/byte-buddy-1.17.6.jar:/Users/sarasaad/.m2/repository/org/glassfish/jaxb/jaxb-runtime/4.0.5/jaxb-runtime-4.0.5.jar:/Users/sarasaad/.m2/repository/org/glassfish/jaxb/jaxb-core/4.0.5/jaxb-core-4.0.5.jar:/Users/sarasaad/.m2/repository/org/eclipse/angus/angus-activation/2.0.2/angus-activation-2.0.2.jar:/Users/sarasaad/.m2/repository/org/glassfish/jaxb/txw2/4.0.5/txw2-4.0.5.jar:/Users/sarasaad/.m2/repository/com/sun/istack/istack-commons-runtime/4.1.2/istack-commons-runtime-4.1.2.jar:/Users/sarasaad/.m2/repository/jakarta/inject/jakarta.inject-api/2.0.1/jakarta.inject-api-2.0.1.jar:/Users/sarasaad/.m2/repository/org/antlr/antlr4-runtime/4.13.0/antlr4-runtime-4.13.0.jar:/Users/sarasaad/.m2/repository/org/springframework/data/spring-data-jpa/3.5.1/spring-data-jpa-3.5.1.jar:/Users/sarasaad/.m2/repository/org/springframework/data/spring-data-commons/3.5.1/spring-data-commons-3.5.1.jar:/Users/sarasaad/.m2/repository/org/springframework/spring-orm/6.2.8/spring-orm-6.2.8.jar:/Users/sarasaad/.m2/repository/org/springframework/spring-context/6.2.8/spring-context-6.2.8.jar:/Users/sarasaad/.m2/repository/org/springframework/spring-aop/6.2.8/spring-aop-6.2.8.jar:/Users/sarasaad/.m2/repository/org/springframework/spring-tx/6.2.8/spring-tx-6.2.8.jar:/Users/sarasaad/.m2/repository/org/springframework/spring-beans/6.2.8/spring-beans-6.2.8.jar:/Users/sarasaad/.m2/repository/org/slf4j/slf4j-api/2.0.17/slf4j-api-2.0.17.jar:/Users/sarasaad/.m2/repository/org/springframework/spring-aspects/6.2.8/spring-aspects-6.2.8.jar:/Users/sarasaad/.m2/repository/org/aspectj/aspectjweaver/1.9.24/aspectjweaver-1.9.24.jar:/Users/sarasaad/.m2/repository/org/springframework/boot/spring-boot-starter-jdbc/3.5.3/spring-boot-starter-jdbc-3.5.3.jar:/Users/sarasaad/.m2/repository/com/zaxxer/HikariCP/6.3.0/HikariCP-6.3.0.jar:/Users/sarasaad/.m2/repository/org/springframework/spring-jdbc/6.2.8/spring-jdbc-6.2.8.jar:/Users/sarasaad/.m2/repository/org/springframework/boot/spring-boot-starter-web/3.5.3/spring-boot-starter-web-3.5.3.jar:/Users/sarasaad/.m2/repository/org/springframework/boot/spring-boot-starter-json/3.5.3/spring-boot-starter-json-3.5.3.jar:/Users/sarasaad/.m2/repository/com/fasterxml/jackson/core/jackson-databind/2.19.1/jackson-databind-2.19.1.jar:/Users/sarasaad/.m2/repository/com/fasterxml/jackson/core/jackson-annotations/2.19.1/jackson-annotations-2.19.1.jar:/Users/sarasaad/.m2/repository/com/fasterxml/jackson/core/jackson-core/2.19.1/jackson-core-2.19.1.jar:/Users/sarasaad/.m2/repository/com/fasterxml/jackson/datatype/jackson-datatype-jdk8/2.19.1/jackson-datatype-jdk8-2.19.1.jar:/Users/sarasaad/.m2/repository/com/fasterxml/jackson/datatype/jackson-datatype-jsr310/2.19.1/jackson-datatype-jsr310-2.19.1.jar:/Users/sarasaad/.m2/repository/com/fasterxml/jackson/module/jackson-module-parameter-names/2.19.1/jackson-module-parameter-names-2.19.1.jar:/Users/sarasaad/.m2/repository/org/springframework/boot/spring-boot-starter-tomcat/3.5.3/spring-boot-starter-tomcat-3.5.3.jar:/Users/sarasaad/.m2/repository/org/apache/tomcat/embed/tomcat-embed-core/10.1.42/tomcat-embed-core-10.1.42.jar:/Users/sarasaad/.m2/repository/org/apache/tomcat/embed/tomcat-embed-el/10.1.42/tomcat-embed-el-10.1.42.jar:/Users/sarasaad/.m2/repository/org/apache/tomcat/embed/tomcat-embed-websocket/10.1.42/tomcat-embed-websocket-10.1.42.jar:/Users/sarasaad/.m2/repository/org/springframework/spring-web/6.2.8/spring-web-6.2.8.jar:/Users/sarasaad/.m2/repository/io/micrometer/micrometer-observation/1.15.1/micrometer-observation-1.15.1.jar:/Users/sarasaad/.m2/repository/io/micrometer/micrometer-commons/1.15.1/micrometer-commons-1.15.1.jar:/Users/sarasaad/.m2/repository/org/springframework/spring-webmvc/6.2.8/spring-webmvc-6.2.8.jar:/Users/sarasaad/.m2/repository/org/springframework/spring-expression/6.2.8/spring-expression-6.2.8.jar:/Users/sarasaad/.m2/repository/com/mysql/mysql-connector-j/9.2.0/mysql-connector-j-9.2.0.jar:/Users/sarasaad/.m2/repository/org/postgresql/postgresql/42.7.7/postgresql-42.7.7.jar:/Users/sarasaad/.m2/repository/org/checkerframework/checker-qual/3.49.3/checker-qual-3.49.3.jar:/Users/sarasaad/.m2/repository/org/springframework/boot/spring-boot-starter-test/3.5.3/spring-boot-starter-test-3.5.3.jar:/Users/sarasaad/.m2/repository/org/springframework/boot/spring-boot-test/3.5.3/spring-boot-test-3.5.3.jar:/Users/sarasaad/.m2/repository/org/springframework/boot/spring-boot-test-autoconfigure/3.5.3/spring-boot-test-autoconfigure-3.5.3.jar:/Users/sarasaad/.m2/repository/com/jayway/jsonpath/json-path/2.9.0/json-path-2.9.0.jar:/Users/sarasaad/.m2/repository/jakarta/xml/bind/jakarta.xml.bind-api/4.0.2/jakarta.xml.bind-api-4.0.2.jar:/Users/sarasaad/.m2/repository/jakarta/activation/jakarta.activation-api/2.1.3/jakarta.activation-api-2.1.3.jar:/Users/sarasaad/.m2/repository/net/minidev/json-smart/2.5.2/json-smart-2.5.2.jar:/Users/sarasaad/.m2/repository/net/minidev/accessors-smart/2.5.2/accessors-smart-2.5.2.jar:/Users/sarasaad/.m2/repository/org/ow2/asm/asm/9.7.1/asm-9.7.1.jar:/Users/sarasaad/.m2/repository/org/assertj/assertj-core/3.27.3/assertj-core-3.27.3.jar:/Users/sarasaad/.m2/repository/org/awaitility/awaitility/4.2.2/awaitility-4.2.2.jar:/Users/sarasaad/.m2/repository/org/hamcrest/hamcrest/3.0/hamcrest-3.0.jar:/Users/sarasaad/.m2/repository/org/junit/jupiter/junit-jupiter/5.12.2/junit-jupiter-5.12.2.jar:/Users/sarasaad/.m2/repository/org/junit/jupiter/junit-jupiter-api/5.12.2/junit-jupiter-api-5.12.2.jar:/Users/sarasaad/.m2/repository/org/opentest4j/opentest4j/1.3.0/opentest4j-1.3.0.jar:/Users/sarasaad/.m2/repository/org/junit/platform/junit-platform-commons/1.12.2/junit-platform-commons-1.12.2.jar:/Users/sarasaad/.m2/repository/org/apiguardian/apiguardian-api/1.1.2/apiguardian-api-1.1.2.jar:/Users/sarasaad/.m2/repository/org/junit/jupiter/junit-jupiter-params/5.12.2/junit-jupiter-params-5.12.2.jar:/Users/sarasaad/.m2/repository/org/junit/jupiter/junit-jupiter-engine/5.12.2/junit-jupiter-engine-5.12.2.jar:/Users/sarasaad/.m2/repository/org/junit/platform/junit-platform-engine/1.12.2/junit-platform-engine-1.12.2.jar:/Users/sarasaad/.m2/repository/org/mockito/mockito-core/5.17.0/mockito-core-5.17.0.jar:/Users/sarasaad/.m2/repository/net/bytebuddy/byte-buddy-agent/1.17.6/byte-buddy-agent-1.17.6.jar:/Users/sarasaad/.m2/repository/org/objenesis/objenesis/3.3/objenesis-3.3.jar:/Users/sarasaad/.m2/repository/org/mockito/mockito-junit-jupiter/5.17.0/mockito-junit-jupiter-5.17.0.jar:/Users/sarasaad/.m2/repository/org/skyscreamer/jsonassert/1.5.3/jsonassert-1.5.3.jar:/Users/sarasaad/.m2/repository/com/vaadin/external/google/android-json/0.0.20131108.vaadin1/android-json-0.0.20131108.vaadin1.jar:/Users/sarasaad/.m2/repository/org/springframework/spring-core/6.2.8/spring-core-6.2.8.jar:/Users/sarasaad/.m2/repository/org/springframework/spring-jcl/6.2.8/spring-jcl-6.2.8.jar:/Users/sarasaad/.m2/repository/org/springframework/spring-test/6.2.8/spring-test-6.2.8.jar:/Users/sarasaad/.m2/repository/org/xmlunit/xmlunit-core/2.10.2/xmlunit-core-2.10.2.jar:/Users/sarasaad/.m2/repository/software/amazon/awssdk/s3/2.25.22/s3-2.25.22.jar:/Users/sarasaad/.m2/repository/software/amazon/awssdk/aws-xml-protocol/2.25.22/aws-xml-protocol-2.25.22.jar:/Users/sarasaad/.m2/repository/software/amazon/awssdk/aws-query-protocol/2.25.22/aws-query-protocol-2.25.22.jar:/Users/sarasaad/.m2/repository/software/amazon/awssdk/protocol-core/2.25.22/protocol-core-2.25.22.jar:/Users/sarasaad/.m2/repository/software/amazon/awssdk/arns/2.25.22/arns-2.25.22.jar:/Users/sarasaad/.m2/repository/software/amazon/awssdk/profiles/2.25.22/profiles-2.25.22.jar:/Users/sarasaad/.m2/repository/software/amazon/awssdk/crt-core/2.25.22/crt-core-2.25.22.jar:/Users/sarasaad/.m2/repository/software/amazon/awssdk/http-auth/2.25.22/http-auth-2.25.22.jar:/Users/sarasaad/.m2/repository/software/amazon/awssdk/identity-spi/2.25.22/identity-spi-2.25.22.jar:/Users/sarasaad/.m2/repository/software/amazon/awssdk/http-auth-spi/2.25.22/http-auth-spi-2.25.22.jar:/Users/sarasaad/.m2/repository/org/reactivestreams/reactive-streams/1.0.4/reactive-streams-1.0.4.jar:/Users/sarasaad/.m2/repository/software/amazon/awssdk/http-auth-aws/2.25.22/http-auth-aws-2.25.22.jar:/Users/sarasaad/.m2/repository/software/amazon/awssdk/checksums/2.25.22/checksums-2.25.22.jar:/Users/sarasaad/.m2/repository/software/amazon/awssdk/checksums-spi/2.25.22/checksums-spi-2.25.22.jar:/Users/sarasaad/.m2/repository/software/amazon/awssdk/sdk-core/2.25.22/sdk-core-2.25.22.jar:/Users/sarasaad/.m2/repository/software/amazon/awssdk/auth/2.25.22/auth-2.25.22.jar:/Users/sarasaad/.m2/repository/software/amazon/eventstream/eventstream/1.0.1/eventstream-1.0.1.jar:/Users/sarasaad/.m2/repository/software/amazon/awssdk/http-client-spi/2.25.22/http-client-spi-2.25.22.jar:/Users/sarasaad/.m2/repository/software/amazon/awssdk/regions/2.25.22/regions-2.25.22.jar:/Users/sarasaad/.m2/repository/software/amazon/awssdk/annotations/2.25.22/annotations-2.25.22.jar:/Users/sarasaad/.m2/repository/software/amazon/awssdk/utils/2.25.22/utils-2.25.22.jar:/Users/sarasaad/.m2/repository/software/amazon/awssdk/aws-core/2.25.22/aws-core-2.25.22.jar:/Users/sarasaad/.m2/repository/software/amazon/awssdk/metrics-spi/2.25.22/metrics-spi-2.25.22.jar:/Users/sarasaad/.m2/repository/software/amazon/awssdk/json-utils/2.25.22/json-utils-2.25.22.jar:/Users/sarasaad/.m2/repository/software/amazon/awssdk/third-party-jackson-core/2.25.22/third-party-jackson-core-2.25.22.jar:/Users/sarasaad/.m2/repository/software/amazon/awssdk/endpoints-spi/2.25.22/endpoints-spi-2.25.22.jar:/Users/sarasaad/.m2/repository/software/amazon/awssdk/apache-client/2.25.22/apache-client-2.25.22.jar:/Users/sarasaad/.m2/repository/org/apache/httpcomponents/httpclient/4.5.13/httpclient-4.5.13.jar:/Users/sarasaad/.m2/repository/commons-logging/commons-logging/1.2/commons-logging-1.2.jar:/Users/sarasaad/.m2/repository/org/apache/httpcomponents/httpcore/4.4.16/httpcore-4.4.16.jar:/Users/sarasaad/.m2/repository/commons-codec/commons-codec/1.18.0/commons-codec-1.18.0.jar:/Users/sarasaad/.m2/repository/software/amazon/awssdk/netty-nio-client/2.25.22/netty-nio-client-2.25.22.jar:/Users/sarasaad/.m2/repository/io/netty/netty-codec-http/4.1.122.Final/netty-codec-http-4.1.122.Final.jar:/Users/sarasaad/.m2/repository/io/netty/netty-codec-http2/4.1.122.Final/netty-codec-http2-4.1.122.Final.jar:/Users/sarasaad/.m2/repository/io/netty/netty-codec/4.1.122.Final/netty-codec-4.1.122.Final.jar:/Users/sarasaad/.m2/repository/io/netty/netty-transport/4.1.122.Final/netty-transport-4.1.122.Final.jar:/Users/sarasaad/.m2/repository/io/netty/netty-common/4.1.122.Final/netty-common-4.1.122.Final.jar:/Users/sarasaad/.m2/repository/io/netty/netty-buffer/4.1.122.Final/netty-buffer-4.1.122.Final.jar:/Users/sarasaad/.m2/repository/io/netty/netty-handler/4.1.122.Final/netty-handler-4.1.122.Final.jar:/Users/sarasaad/.m2/repository/io/netty/netty-transport-native-unix-common/4.1.122.Final/netty-transport-native-unix-common-4.1.122.Final.jar:/Users/sarasaad/.m2/repository/io/netty/netty-transport-classes-epoll/4.1.122.Final/netty-transport-classes-epoll-4.1.122.Final.jar:/Users/sarasaad/.m2/repository/io/netty/netty-resolver/4.1.122.Final/netty-resolver-4.1.122.Final.jar:"/>
    <property name="java.vm.vendor" value="Homebrew"/>
    <property name="sun.arch.data.model" value="64"/>
    <property name="java.vendor.url" value="https://github.com/Homebrew/homebrew-core/issues"/>
    <property name="user.timezone" value="Europe/Berlin"/>
    <property name="org.jboss.logging.provider" value="slf4j"/>
    <property name="os.name" value="Mac OS X"/>
    <property name="java.vm.specification.version" value="24"/>
    <property name="APPLICATION_NAME" value="fileservice"/>
    <property name="sun.java.launcher" value="SUN_STANDARD"/>
    <property name="user.country" value="US"/>
    <property name="sun.boot.library.path" value="/opt/homebrew/Cellar/openjdk/24.0.1/libexec/openjdk.jdk/Contents/Home/lib"/>
    <property name="sun.java.command" value="/Users/sarasaad/Documents/BDMA /UTN Internship/Data Loom/file-management-platform/backend/target/surefire/surefirebooter-20250722114632032_3.jar /Users/sarasaad/Documents/BDMA /UTN Internship/Data Loom/file-management-platform/backend/target/surefire 2025-07-22T11-46-31_845-jvmRun1 surefire-20250722114632032_1tmp surefire_0-20250722114632032_2tmp"/>
    <property name="jdk.debug" value="release"/>
    <property name="surefire.test.class.path" value="/Users/sarasaad/Documents/BDMA /UTN Internship/Data Loom/file-management-platform/backend/target/test-classes:/Users/sarasaad/Documents/BDMA /UTN Internship/Data Loom/file-management-platform/backend/target/classes:/Users/sarasaad/.m2/repository/org/springframework/boot/spring-boot-starter-data-jpa/3.5.3/spring-boot-starter-data-jpa-3.5.3.jar:/Users/sarasaad/.m2/repository/org/springframework/boot/spring-boot-starter/3.5.3/spring-boot-starter-3.5.3.jar:/Users/sarasaad/.m2/repository/org/springframework/boot/spring-boot/3.5.3/spring-boot-3.5.3.jar:/Users/sarasaad/.m2/repository/org/springframework/boot/spring-boot-autoconfigure/3.5.3/spring-boot-autoconfigure-3.5.3.jar:/Users/sarasaad/.m2/repository/org/springframework/boot/spring-boot-starter-logging/3.5.3/spring-boot-starter-logging-3.5.3.jar:/Users/sarasaad/.m2/repository/ch/qos/logback/logback-classic/1.5.18/logback-classic-1.5.18.jar:/Users/sarasaad/.m2/repository/ch/qos/logback/logback-core/1.5.18/logback-core-1.5.18.jar:/Users/sarasaad/.m2/repository/org/apache/logging/log4j/log4j-to-slf4j/2.24.3/log4j-to-slf4j-2.24.3.jar:/Users/sarasaad/.m2/repository/org/apache/logging/log4j/log4j-api/2.24.3/log4j-api-2.24.3.jar:/Users/sarasaad/.m2/repository/org/slf4j/jul-to-slf4j/2.0.17/jul-to-slf4j-2.0.17.jar:/Users/sarasaad/.m2/repository/jakarta/annotation/jakarta.annotation-api/2.1.1/jakarta.annotation-api-2.1.1.jar:/Users/sarasaad/.m2/repository/org/yaml/snakeyaml/2.4/snakeyaml-2.4.jar:/Users/sarasaad/.m2/repository/org/hibernate/orm/hibernate-core/6.6.18.Final/hibernate-core-6.6.18.Final.jar:/Users/sarasaad/.m2/repository/jakarta/persistence/jakarta.persistence-api/3.1.0/jakarta.persistence-api-3.1.0.jar:/Users/sarasaad/.m2/repository/jakarta/transaction/jakarta.transaction-api/2.0.1/jakarta.transaction-api-2.0.1.jar:/Users/sarasaad/.m2/repository/org/jboss/logging/jboss-logging/3.6.1.Final/jboss-logging-3.6.1.Final.jar:/Users/sarasaad/.m2/repository/org/hibernate/common/hibernate-commons-annotations/7.0.3.Final/hibernate-commons-annotations-7.0.3.Final.jar:/Users/sarasaad/.m2/repository/io/smallrye/jandex/3.2.0/jandex-3.2.0.jar:/Users/sarasaad/.m2/repository/com/fasterxml/classmate/1.7.0/classmate-1.7.0.jar:/Users/sarasaad/.m2/repository/net/bytebuddy/byte-buddy/1.17.6/byte-buddy-1.17.6.jar:/Users/sarasaad/.m2/repository/org/glassfish/jaxb/jaxb-runtime/4.0.5/jaxb-runtime-4.0.5.jar:/Users/sarasaad/.m2/repository/org/glassfish/jaxb/jaxb-core/4.0.5/jaxb-core-4.0.5.jar:/Users/sarasaad/.m2/repository/org/eclipse/angus/angus-activation/2.0.2/angus-activation-2.0.2.jar:/Users/sarasaad/.m2/repository/org/glassfish/jaxb/txw2/4.0.5/txw2-4.0.5.jar:/Users/sarasaad/.m2/repository/com/sun/istack/istack-commons-runtime/4.1.2/istack-commons-runtime-4.1.2.jar:/Users/sarasaad/.m2/repository/jakarta/inject/jakarta.inject-api/2.0.1/jakarta.inject-api-2.0.1.jar:/Users/sarasaad/.m2/repository/org/antlr/antlr4-runtime/4.13.0/antlr4-runtime-4.13.0.jar:/Users/sarasaad/.m2/repository/org/springframework/data/spring-data-jpa/3.5.1/spring-data-jpa-3.5.1.jar:/Users/sarasaad/.m2/repository/org/springframework/data/spring-data-commons/3.5.1/spring-data-commons-3.5.1.jar:/Users/sarasaad/.m2/repository/org/springframework/spring-orm/6.2.8/spring-orm-6.2.8.jar:/Users/sarasaad/.m2/repository/org/springframework/spring-context/6.2.8/spring-context-6.2.8.jar:/Users/sarasaad/.m2/repository/org/springframework/spring-aop/6.2.8/spring-aop-6.2.8.jar:/Users/sarasaad/.m2/repository/org/springframework/spring-tx/6.2.8/spring-tx-6.2.8.jar:/Users/sarasaad/.m2/repository/org/springframework/spring-beans/6.2.8/spring-beans-6.2.8.jar:/Users/sarasaad/.m2/repository/org/slf4j/slf4j-api/2.0.17/slf4j-api-2.0.17.jar:/Users/sarasaad/.m2/repository/org/springframework/spring-aspects/6.2.8/spring-aspects-6.2.8.jar:/Users/sarasaad/.m2/repository/org/aspectj/aspectjweaver/1.9.24/aspectjweaver-1.9.24.jar:/Users/sarasaad/.m2/repository/org/springframework/boot/spring-boot-starter-jdbc/3.5.3/spring-boot-starter-jdbc-3.5.3.jar:/Users/sarasaad/.m2/repository/com/zaxxer/HikariCP/6.3.0/HikariCP-6.3.0.jar:/Users/sarasaad/.m2/repository/org/springframework/spring-jdbc/6.2.8/spring-jdbc-6.2.8.jar:/Users/sarasaad/.m2/repository/org/springframework/boot/spring-boot-starter-web/3.5.3/spring-boot-starter-web-3.5.3.jar:/Users/sarasaad/.m2/repository/org/springframework/boot/spring-boot-starter-json/3.5.3/spring-boot-starter-json-3.5.3.jar:/Users/sarasaad/.m2/repository/com/fasterxml/jackson/core/jackson-databind/2.19.1/jackson-databind-2.19.1.jar:/Users/sarasaad/.m2/repository/com/fasterxml/jackson/core/jackson-annotations/2.19.1/jackson-annotations-2.19.1.jar:/Users/sarasaad/.m2/repository/com/fasterxml/jackson/core/jackson-core/2.19.1/jackson-core-2.19.1.jar:/Users/sarasaad/.m2/repository/com/fasterxml/jackson/datatype/jackson-datatype-jdk8/2.19.1/jackson-datatype-jdk8-2.19.1.jar:/Users/sarasaad/.m2/repository/com/fasterxml/jackson/datatype/jackson-datatype-jsr310/2.19.1/jackson-datatype-jsr310-2.19.1.jar:/Users/sarasaad/.m2/repository/com/fasterxml/jackson/module/jackson-module-parameter-names/2.19.1/jackson-module-parameter-names-2.19.1.jar:/Users/sarasaad/.m2/repository/org/springframework/boot/spring-boot-starter-tomcat/3.5.3/spring-boot-starter-tomcat-3.5.3.jar:/Users/sarasaad/.m2/repository/org/apache/tomcat/embed/tomcat-embed-core/10.1.42/tomcat-embed-core-10.1.42.jar:/Users/sarasaad/.m2/repository/org/apache/tomcat/embed/tomcat-embed-el/10.1.42/tomcat-embed-el-10.1.42.jar:/Users/sarasaad/.m2/repository/org/apache/tomcat/embed/tomcat-embed-websocket/10.1.42/tomcat-embed-websocket-10.1.42.jar:/Users/sarasaad/.m2/repository/org/springframework/spring-web/6.2.8/spring-web-6.2.8.jar:/Users/sarasaad/.m2/repository/io/micrometer/micrometer-observation/1.15.1/micrometer-observation-1.15.1.jar:/Users/sarasaad/.m2/repository/io/micrometer/micrometer-commons/1.15.1/micrometer-commons-1.15.1.jar:/Users/sarasaad/.m2/repository/org/springframework/spring-webmvc/6.2.8/spring-webmvc-6.2.8.jar:/Users/sarasaad/.m2/repository/org/springframework/spring-expression/6.2.8/spring-expression-6.2.8.jar:/Users/sarasaad/.m2/repository/com/mysql/mysql-connector-j/9.2.0/mysql-connector-j-9.2.0.jar:/Users/sarasaad/.m2/repository/org/postgresql/postgresql/42.7.7/postgresql-42.7.7.jar:/Users/sarasaad/.m2/repository/org/checkerframework/checker-qual/3.49.3/checker-qual-3.49.3.jar:/Users/sarasaad/.m2/repository/org/springframework/boot/spring-boot-starter-test/3.5.3/spring-boot-starter-test-3.5.3.jar:/Users/sarasaad/.m2/repository/org/springframework/boot/spring-boot-test/3.5.3/spring-boot-test-3.5.3.jar:/Users/sarasaad/.m2/repository/org/springframework/boot/spring-boot-test-autoconfigure/3.5.3/spring-boot-test-autoconfigure-3.5.3.jar:/Users/sarasaad/.m2/repository/com/jayway/jsonpath/json-path/2.9.0/json-path-2.9.0.jar:/Users/sarasaad/.m2/repository/jakarta/xml/bind/jakarta.xml.bind-api/4.0.2/jakarta.xml.bind-api-4.0.2.jar:/Users/sarasaad/.m2/repository/jakarta/activation/jakarta.activation-api/2.1.3/jakarta.activation-api-2.1.3.jar:/Users/sarasaad/.m2/repository/net/minidev/json-smart/2.5.2/json-smart-2.5.2.jar:/Users/sarasaad/.m2/repository/net/minidev/accessors-smart/2.5.2/accessors-smart-2.5.2.jar:/Users/sarasaad/.m2/repository/org/ow2/asm/asm/9.7.1/asm-9.7.1.jar:/Users/sarasaad/.m2/repository/org/assertj/assertj-core/3.27.3/assertj-core-3.27.3.jar:/Users/sarasaad/.m2/repository/org/awaitility/awaitility/4.2.2/awaitility-4.2.2.jar:/Users/sarasaad/.m2/repository/org/hamcrest/hamcrest/3.0/hamcrest-3.0.jar:/Users/sarasaad/.m2/repository/org/junit/jupiter/junit-jupiter/5.12.2/junit-jupiter-5.12.2.jar:/Users/sarasaad/.m2/repository/org/junit/jupiter/junit-jupiter-api/5.12.2/junit-jupiter-api-5.12.2.jar:/Users/sarasaad/.m2/repository/org/opentest4j/opentest4j/1.3.0/opentest4j-1.3.0.jar:/Users/sarasaad/.m2/repository/org/junit/platform/junit-platform-commons/1.12.2/junit-platform-commons-1.12.2.jar:/Users/sarasaad/.m2/repository/org/apiguardian/apiguardian-api/1.1.2/apiguardian-api-1.1.2.jar:/Users/sarasaad/.m2/repository/org/junit/jupiter/junit-jupiter-params/5.12.2/junit-jupiter-params-5.12.2.jar:/Users/sarasaad/.m2/repository/org/junit/jupiter/junit-jupiter-engine/5.12.2/junit-jupiter-engine-5.12.2.jar:/Users/sarasaad/.m2/repository/org/junit/platform/junit-platform-engine/1.12.2/junit-platform-engine-1.12.2.jar:/Users/sarasaad/.m2/repository/org/mockito/mockito-core/5.17.0/mockito-core-5.17.0.jar:/Users/sarasaad/.m2/repository/net/bytebuddy/byte-buddy-agent/1.17.6/byte-buddy-agent-1.17.6.jar:/Users/sarasaad/.m2/repository/org/objenesis/objenesis/3.3/objenesis-3.3.jar:/Users/sarasaad/.m2/repository/org/mockito/mockito-junit-jupiter/5.17.0/mockito-junit-jupiter-5.17.0.jar:/Users/sarasaad/.m2/repository/org/skyscreamer/jsonassert/1.5.3/jsonassert-1.5.3.jar:/Users/sarasaad/.m2/repository/com/vaadin/external/google/android-json/0.0.20131108.vaadin1/android-json-0.0.20131108.vaadin1.jar:/Users/sarasaad/.m2/repository/org/springframework/spring-core/6.2.8/spring-core-6.2.8.jar:/Users/sarasaad/.m2/repository/org/springframework/spring-jcl/6.2.8/spring-jcl-6.2.8.jar:/Users/sarasaad/.m2/repository/org/springframework/spring-test/6.2.8/spring-test-6.2.8.jar:/Users/sarasaad/.m2/repository/org/xmlunit/xmlunit-core/2.10.2/xmlunit-core-2.10.2.jar:/Users/sarasaad/.m2/repository/software/amazon/awssdk/s3/2.25.22/s3-2.25.22.jar:/Users/sarasaad/.m2/repository/software/amazon/awssdk/aws-xml-protocol/2.25.22/aws-xml-protocol-2.25.22.jar:/Users/sarasaad/.m2/repository/software/amazon/awssdk/aws-query-protocol/2.25.22/aws-query-protocol-2.25.22.jar:/Users/sarasaad/.m2/repository/software/amazon/awssdk/protocol-core/2.25.22/protocol-core-2.25.22.jar:/Users/sarasaad/.m2/repository/software/amazon/awssdk/arns/2.25.22/arns-2.25.22.jar:/Users/sarasaad/.m2/repository/software/amazon/awssdk/profiles/2.25.22/profiles-2.25.22.jar:/Users/sarasaad/.m2/repository/software/amazon/awssdk/crt-core/2.25.22/crt-core-2.25.22.jar:/Users/sarasaad/.m2/repository/software/amazon/awssdk/http-auth/2.25.22/http-auth-2.25.22.jar:/Users/sarasaad/.m2/repository/software/amazon/awssdk/identity-spi/2.25.22/identity-spi-2.25.22.jar:/Users/sarasaad/.m2/repository/software/amazon/awssdk/http-auth-spi/2.25.22/http-auth-spi-2.25.22.jar:/Users/sarasaad/.m2/repository/org/reactivestreams/reactive-streams/1.0.4/reactive-streams-1.0.4.jar:/Users/sarasaad/.m2/repository/software/amazon/awssdk/http-auth-aws/2.25.22/http-auth-aws-2.25.22.jar:/Users/sarasaad/.m2/repository/software/amazon/awssdk/checksums/2.25.22/checksums-2.25.22.jar:/Users/sarasaad/.m2/repository/software/amazon/awssdk/checksums-spi/2.25.22/checksums-spi-2.25.22.jar:/Users/sarasaad/.m2/repository/software/amazon/awssdk/sdk-core/2.25.22/sdk-core-2.25.22.jar:/Users/sarasaad/.m2/repository/software/amazon/awssdk/auth/2.25.22/auth-2.25.22.jar:/Users/sarasaad/.m2/repository/software/amazon/eventstream/eventstream/1.0.1/eventstream-1.0.1.jar:/Users/sarasaad/.m2/repository/software/amazon/awssdk/http-client-spi/2.25.22/http-client-spi-2.25.22.jar:/Users/sarasaad/.m2/repository/software/amazon/awssdk/regions/2.25.22/regions-2.25.22.jar:/Users/sarasaad/.m2/repository/software/amazon/awssdk/annotations/2.25.22/annotations-2.25.22.jar:/Users/sarasaad/.m2/repository/software/amazon/awssdk/utils/2.25.22/utils-2.25.22.jar:/Users/sarasaad/.m2/repository/software/amazon/awssdk/aws-core/2.25.22/aws-core-2.25.22.jar:/Users/sarasaad/.m2/repository/software/amazon/awssdk/metrics-spi/2.25.22/metrics-spi-2.25.22.jar:/Users/sarasaad/.m2/repository/software/amazon/awssdk/json-utils/2.25.22/json-utils-2.25.22.jar:/Users/sarasaad/.m2/repository/software/amazon/awssdk/third-party-jackson-core/2.25.22/third-party-jackson-core-2.25.22.jar:/Users/sarasaad/.m2/repository/software/amazon/awssdk/endpoints-spi/2.25.22/endpoints-spi-2.25.22.jar:/Users/sarasaad/.m2/repository/software/amazon/awssdk/apache-client/2.25.22/apache-client-2.25.22.jar:/Users/sarasaad/.m2/repository/org/apache/httpcomponents/httpclient/4.5.13/httpclient-4.5.13.jar:/Users/sarasaad/.m2/repository/commons-logging/commons-logging/1.2/commons-logging-1.2.jar:/Users/sarasaad/.m2/repository/org/apache/httpcomponents/httpcore/4.4.16/httpcore-4.4.16.jar:/Users/sarasaad/.m2/repository/commons-codec/commons-codec/1.18.0/commons-codec-1.18.0.jar:/Users/sarasaad/.m2/repository/software/amazon/awssdk/netty-nio-client/2.25.22/netty-nio-client-2.25.22.jar:/Users/sarasaad/.m2/repository/io/netty/netty-codec-http/4.1.122.Final/netty-codec-http-4.1.122.Final.jar:/Users/sarasaad/.m2/repository/io/netty/netty-codec-http2/4.1.122.Final/netty-codec-http2-4.1.122.Final.jar:/Users/sarasaad/.m2/repository/io/netty/netty-codec/4.1.122.Final/netty-codec-4.1.122.Final.jar:/Users/sarasaad/.m2/repository/io/netty/netty-transport/4.1.122.Final/netty-transport-4.1.122.Final.jar:/Users/sarasaad/.m2/repository/io/netty/netty-common/4.1.122.Final/netty-common-4.1.122.Final.jar:/Users/sarasaad/.m2/repository/io/netty/netty-buffer/4.1.122.Final/netty-buffer-4.1.122.Final.jar:/Users/sarasaad/.m2/repository/io/netty/netty-handler/4.1.122.Final/netty-handler-4.1.122.Final.jar:/Users/sarasaad/.m2/repository/io/netty/netty-transport-native-unix-common/4.1.122.Final/netty-transport-native-unix-common-4.1.122.Final.jar:/Users/sarasaad/.m2/repository/io/netty/netty-transport-classes-epoll/4.1.122.Final/netty-transport-classes-epoll-4.1.122.Final.jar:/Users/sarasaad/.m2/repository/io/netty/netty-resolver/4.1.122.Final/netty-resolver-4.1.122.Final.jar:"/>
    <property name="sun.cpu.endian" value="little"/>
    <property name="user.home" value="/Users/sarasaad"/>
    <property name="user.language" value="en"/>
    <property name="java.specification.vendor" value="Oracle Corporation"/>
    <property name="java.version.date" value="2025-04-15"/>
    <property name="java.home" value="/opt/homebrew/Cellar/openjdk/24.0.1/libexec/openjdk.jdk/Contents/Home"/>
    <property name="file.separator" value="/"/>
    <property name="basedir" value="/Users/sarasaad/Documents/BDMA /UTN Internship/Data Loom/file-management-platform/backend"/>
    <property name="java.vm.compressedOopsMode" value="Zero based"/>
    <property name="line.separator" value="&#10;"/>
    <property name="java.vm.specification.vendor" value="Oracle Corporation"/>
    <property name="java.specification.name" value="Java Platform API Specification"/>
    <property name="FILE_LOG_CHARSET" value="UTF-8"/>
    <property name="java.awt.headless" value="true"/>
    <property name="apple.awt.application.name" value="ForkedBooter"/>
    <property name="surefire.real.class.path" value="/Users/sarasaad/Documents/BDMA /UTN Internship/Data Loom/file-management-platform/backend/target/surefire/surefirebooter-20250722114632032_3.jar"/>
    <property name="sun.management.compiler" value="HotSpot 64-Bit Tiered Compilers"/>
    <property name="java.runtime.version" value="24.0.1"/>
    <property name="user.name" value="sarasaad"/>
    <property name="stdout.encoding" value="UTF-8"/>
    <property name="path.separator" value=":"/>
    <property name="os.version" value="15.5"/>
    <property name="java.runtime.name" value="OpenJDK Runtime Environment"/>
    <property name="file.encoding" value="UTF-8"/>
    <property name="java.vm.name" value="OpenJDK 64-Bit Server VM"/>
    <property name="java.vendor.version" value="Homebrew"/>
    <property name="localRepository" value="/Users/sarasaad/.m2/repository"/>
    <property name="java.vendor.url.bug" value="https://github.com/Homebrew/homebrew-core/issues"/>
    <property name="java.io.tmpdir" value="/var/folders/t2/km8wh4ms46vbb2wjtr90_gn00000gn/T/"/>
    <property name="java.version" value="24.0.1"/>
    <property name="user.dir" value="/Users/sarasaad/Documents/BDMA /UTN Internship/Data Loom/file-management-platform/backend"/>
    <property name="os.arch" value="aarch64"/>
    <property name="java.vm.specification.name" value="Java Virtual Machine Specification"/>
    <property name="PID" value="49801"/>
    <property name="CONSOLE_LOG_CHARSET" value="UTF-8"/>
    <property name="native.encoding" value="UTF-8"/>
    <property name="java.library.path" value="/Users/sarasaad/Library/Java/Extensions:/Library/Java/Extensions:/Network/Library/Java/Extensions:/System/Library/Java/Extensions:/usr/lib/java:."/>
    <property name="java.vm.info" value="mixed mode, sharing"/>
    <property name="stderr.encoding" value="UTF-8"/>
    <property name="java.vendor" value="Homebrew"/>
    <property name="java.vm.version" value="24.0.1"/>
    <property name="sun.io.unicode.encoding" value="UnicodeBig"/>
    <property name="java.class.version" value="68.0"/>
    <property name="LOGGED_APPLICATION_NAME" value="[fileservice] "/>
  </properties>
  <testcase name="contextLoads" classname="io.backend.fileservice.FileserviceApplicationTests" time="0.342">
    <system-out><![CDATA[11:46:32.281 [main] INFO org.springframework.test.context.support.AnnotationConfigContextLoaderUtils -- Could not detect default configuration classes for test class [io.backend.fileservice.FileserviceApplicationTests]: FileserviceApplicationTests does not declare any static, non-private, non-final, nested classes annotated with @Configuration.
11:46:32.331 [main] INFO org.springframework.boot.test.context.SpringBootTestContextBootstrapper -- Found @SpringBootConfiguration io.backend.fileservice.FileserviceApplication for test class io.backend.fileservice.FileserviceApplicationTests

  .   ____          _            __ _ _
 /\\ / ___'_ __ _ _(_)_ __  __ _ \ \ \ \
( ( )\___ | '_ | '_| | '_ \/ _` | \ \ \ \
 \\/  ___)| |_)| | | | | || (_| |  ) ) ) )
  '  |____| .__|_| |_|_| |_\__, | / / / /
 =========|_|==============|___/=/_/_/_/

 :: Spring Boot ::                (v3.5.3)

2025-07-22T11:46:32.467+02:00  INFO 49801 --- [fileservice] [           main] i.b.f.FileserviceApplicationTests        : Starting FileserviceApplicationTests using Java 24.0.1 with PID 49801 (started by sarasaad in /Users/sarasaad/Documents/BDMA /UTN Internship/Data Loom/file-management-platform/backend)
2025-07-22T11:46:32.468+02:00  INFO 49801 --- [fileservice] [           main] i.b.f.FileserviceApplicationTests        : No active profile set, falling back to 1 default profile: "default"
2025-07-22T11:46:32.849+02:00  INFO 49801 --- [fileservice] [           main] i.b.f.FileserviceApplicationTests        : Started FileserviceApplicationTests in 0.467 seconds (process running for 0.789)
]]></system-out>
    <system-err><![CDATA[Mockito is currently self-attaching to enable the inline-mock-maker. This will no longer work in future releases of the JDK. Please add Mockito as an agent to your build as described in Mockito's documentation: https://javadoc.io/doc/org.mockito/mockito-core/latest/org.mockito/org/mockito/Mockito.html#0.3
WARNING: A Java agent has been loaded dynamically (/Users/sarasaad/.m2/repository/net/bytebuddy/byte-buddy-agent/1.17.6/byte-buddy-agent-1.17.6.jar)
WARNING: If a serviceability tool is in use, please run with -XX:+EnableDynamicAgentLoading to hide this warning
WARNING: If a serviceability tool is not in use, please run with -Djdk.instrument.traceUsage for more information
WARNING: Dynamic loading of agents will be disallowed by default in a future release
]]></system-err>
  </testcase>
</testsuite>